./src/songs/Adele/RollingInTheDeep.tex
./src/songs/ChlopcyZPlacuBroni/KiedyJuzBedeDobrymCzlowiekiem.tex
./src/songs/ChlopcyZPlacuBroni/KochamWolnosc.tex
./src/songs/Coma/DalekaDrogaDoDomu.tex
./src/songs/Coma/Ocalenie.tex
./src/songs/Coma/Pasazer.tex
./src/songs/Coma/StoTysiecyJednakowychMiast.tex
./src/songs/Coma/ZaprzepaszczoneSilyWielkiejArmiiSwietychZnakow.tex
./src/songs/CzerwoneGitary/JestTakiDzien.tex
./src/songs/GreenDay/BoulevardOfBrokenDreams.tex
./src/songs/happysad/hymn78.tex
./src/songs/happysad/JaDoCiebie.tex
./src/songs/happysad/jesli-nie-rozjada-nas-czolgi.tex
./src/songs/happysad/JeszczeJeszcze.tex
./src/songs/happysad/Koniec.tex
./src/songs/happysad/Kostuchna.tex
./src/songs/happysad/LudzieChcaUslyszecWiesciZle.tex
./src/songs/happysad/Lydka.tex
./src/songs/happysad/MilowyLas.tex
./src/songs/happysad/MostNaKrzywej.tex
./src/songs/happysad/NaSline.tex
./src/songs/happysad/PartyzantK.tex
./src/songs/happysad/Slonce.tex
./src/songs/happysad/TakMijaCzas.tex
./src/songs/happysad/WPiwnicyUDziadka.tex
./src/songs/happysad/WszystkoJedno.tex
./src/songs/happysad/zanim-pojde.tex
./src/songs/happysad/ZPamietnikaMlodejZielarki.tex
./src/songs/IchTroje/TobaOddychacChce.tex
./src/songs/Ira/Nadzieja.tex
./src/songs/JacekKaczmarski/SenKatarzynyII.tex
./src/songs/JamesBlunt/yourebeautiful.tex
./src/songs/Kazik/Malcziki.tex
./src/songs/Kopruch/PoProstuBonc.tex
./src/songs/Kult/Arahja.tex
./src/songs/Kult/Baranek.tex
./src/songs/Kult/ChodzcieChlopaki.tex
./src/songs/Kult/GdyNieMaDzieci.tex
./src/songs/LadyPank/ZawszeTamGdzieTY.tex
./src/songs/LadyPank/ZnowuPadaDeszcz.tex
./src/songs/LadyPank/ZostawcieTitanica.tex
./src/songs/Mika/MyInterpretation.tex
./src/songs/Mika/Relax(TakeItEasy).tex
./src/songs/Mika/RINGRING.tex
./src/songs/Mika/WEAREGOLDEN.tex
./src/songs/Musicale/CzlowiekZwierzeciuJestWilkiem.tex
./src/songs/Musicale/KramuTegoKrol.tex
./src/songs/Musicale/NocMuzykeGra.tex
./src/songs/Musicale/SluchajKiedySpiewajLud.tex
./src/songs/Musicale/TheMusicOfTheNight.tex
./src/songs/MyChemicalRomance/Teenagers.tex
./src/songs/Myslovitz/Acidland.tex
./src/songs/Myslovitz/Alexander.tex
./src/songs/Myslovitz/Aniol.tex
./src/songs/Myslovitz/artbrut.tex
./src/songs/Myslovitz/BlueVelvet.tex
./src/songs/Myslovitz/BuntSzesnastolatki.tex
./src/songs/Myslovitz/ChcialbymUmrzecZMilosci.tex
./src/songs/Myslovitz/Chlopcy.tex
./src/songs/Myslovitz/DlaCiebie.tex
./src/songs/Myslovitz/DlugoscDzwiekuSamotnosci.tex
./src/songs/Myslovitz/DoUtratyTchu.tex
./src/songs/Myslovitz/DwieMysli.tex
./src/songs/Myslovitz/FilmowaMilosc.tex
./src/songs/Myslovitz/GadajaceGlowy80-06.tex
./src/songs/Myslovitz/Gdzies.tex
./src/songs/Myslovitz/Glosy.tex
./src/songs/Myslovitz/HistoriaJednejZnajomosci.tex
./src/songs/Myslovitz/JamesRadioglowiiZukzRewolweremJadaDoNikad.tex
./src/songs/Myslovitz/Krakow.tex
./src/songs/Myslovitz/KrotkaPiosenkaOMilosci.tex
./src/songs/Myslovitz/KsiazkaZDrogaWTytule.tex
./src/songs/Myslovitz/Margaret.tex
./src/songs/Myslovitz/MiloscWCzasachPopkultury.tex
./src/songs/Myslovitz/Myslovitz.tex
./src/songs/Myslovitz/my.tex
./src/songs/Myslovitz/Nienawisc.tex
./src/songs/Myslovitz/NigdyNieZnajdzieszSObiePrzyjaciolJesliNieBedzieszTakiJakWszyscy.tex
./src/songs/Myslovitz/NocnymPociagiemAzDoKoncaSwiata.tex
./src/songs/Myslovitz/Noc.tex
./src/songs/Myslovitz/OfiaryZapasciTeatruTelewizji.tex
./src/songs/Myslovitz/PeggyBrown.tex
./src/songs/Myslovitz/PeggySueNieWyszlaZaMaz.tex
./src/songs/Myslovitz/PocztowkaZLotniska.tex
./src/songs/Myslovitz/PredzejPozniejDalej.tex
./src/songs/Myslovitz/Przebudzenie.tex
./src/songs/Myslovitz/ScenariuszDlaMoichSasiadow.tex
./src/songs/Myslovitz/SciacWysokieDrzewa.tex
./src/songs/Myslovitz/SiodmyKoktajl.tex
./src/songs/Myslovitz/SprzedawcyMarzen.tex
./src/songs/Myslovitz/SrebrnaNitkaCiszy.tex
./src/songs/Myslovitz/SzklanyCzlowiek.tex
./src/songs/Myslovitz/Telefon.tex
./src/songs/Myslovitz/Uciekinier.tex
./src/songs/Myslovitz/W10SekundPrzezCaleZycie.tex
./src/songs/Myslovitz/WDeszczuMalenkichZoltychKwiatow.tex
./src/songs/Myslovitz/WielkiBlekit.tex
./src/songs/Myslovitz/WiezaMelancholii.tex
./src/songs/Myslovitz/Zamiana.tex
./src/songs/Myslovitz/ZaZamknietymiOczami.tex
./src/songs/Myslovitz/Zgon.tex
./src/songs/Myslovitz/ZRozmyslanPrzySniadaniu.tex
./src/songs/Myslovitz/ZTwarzaMarilynMonroe.tex
./src/songs/Myslovitz/ZwyklyDzien.tex
./src/songs/NocnyKochanek/KonNaBialymRycerzu.tex
./src/songs/O.A.R/LoveIsWorthTheFall.tex
./src/songs/PidzamaPorno/NiktTakPieknieNieMowilZeSieBoiMilosci.tex
./src/songs/PidzamaPorno/Pryszcze.tex
./src/songs/PidzamaPorno/Wodka.tex
./src/songs/PiotrRogucki/AMy.tex
./src/songs/PiotrRogucki/Mala.tex
./src/songs/PiotrRogucki/PiosenkaPisanaNoca.tex
./src/songs/Queen/TooMuchLoveWillKillYou.tex
./src/songs/Rammstein/Diamant.tex
./src/songs/Rammstein/OhneDich.tex
./src/songs/Rammstein/Seemann.tex
./src/songs/Rammstein/StirbNichtVorMir.tex
./src/songs/Rotary/NaJednejZDzikichPlaz.tex
./src/songs/RufusWainwright/Hallelujah.tex
./src/songs/StareDobreMalzenstwo/AchKiedyZnowuRuszaDlaMnieDni.tex
./src/songs/StareDobreMalzenstwo/BieszczadzkieAnioly.tex
./src/songs/StareDobreMalzenstwo/CzarnyBluesOCzwartejNadRanem.tex
./src/songs/StareDobreMalzenstwo/CzasemNagleSmutniejesz.tex
./src/songs/StareDobreMalzenstwo/CzasPlynieIZabijaRany.tex
./src/songs/StareDobreMalzenstwo/czlowiekczlowiekowi.tex
./src/songs/StareDobreMalzenstwo/CzyWarto.tex
./src/songs/StareDobreMalzenstwo/DokadidzieszDoslonca.tex
./src/songs/StareDobreMalzenstwo/do-ostatniej-pestki.tex
./src/songs/StareDobreMalzenstwo/Dziekczynienie.tex
./src/songs/StareDobreMalzenstwo/Gloria.tex
./src/songs/StareDobreMalzenstwo/Jak.tex
./src/songs/StareDobreMalzenstwo/JestJuzZaPozno-NieJestZaPozno.tex
./src/songs/StareDobreMalzenstwo/KimWlasciwieBylaTaPieknaPani.tex
./src/songs/StareDobreMalzenstwo/Komunia.tex
./src/songs/StareDobreMalzenstwo/leluchow.tex
./src/songs/StareDobreMalzenstwo/MiejskaStronaKsiezyca.tex
./src/songs/StareDobreMalzenstwo/ModlitwaKoncaMojegoWieku.tex
./src/songs/StareDobreMalzenstwo/NieBrooklinskiMost.tex
./src/songs/StareDobreMalzenstwo/Niemowa.tex
./src/songs/StareDobreMalzenstwo/NieRozdziobiaNasKruki.tex
./src/songs/StareDobreMalzenstwo/OnaSobieTegoNieZyczy.tex
./src/songs/StareDobreMalzenstwo/OpadlyMgly.tex
./src/songs/StareDobreMalzenstwo/PiesnNaWyjscie.tex
./src/songs/StareDobreMalzenstwo/PiosenkaDlaRobotnikaRannejZmiany.tex
./src/songs/StareDobreMalzenstwo/PiosenkaDlaWojtkaBellona.tex
./src/songs/StareDobreMalzenstwo/PiosenkaZauroczonego.tex
./src/songs/StareDobreMalzenstwo/PodKatemOstrym.tex
./src/songs/StareDobreMalzenstwo/PoStrunachIdeDoNieba.tex
./src/songs/StareDobreMalzenstwo/PrzebylemNocWlasnie.tex
./src/songs/StareDobreMalzenstwo/PrzydaSieTakaChwila.tex
./src/songs/StareDobreMalzenstwo/Samotnosc.tex
./src/songs/StareDobreMalzenstwo/sanctus.tex
./src/songs/StareDobreMalzenstwo/Tak.tex
./src/songs/StareDobreMalzenstwo/TangoTriste.tex
./src/songs/StareDobreMalzenstwo/TuAsfaltSieKonczy.tex
./src/songs/StareDobreMalzenstwo/WedrowkaZycieJestCzlowieka.tex
./src/songs/StareDobreMalzenstwo/WierszKsiezycowy.tex
./src/songs/StareDobreMalzenstwo/WojtkaBellonaOstatniaZiemskaPodrozDoWlodawy.tex
./src/songs/StareDobreMalzenstwo/ZabraknieCiPsa.tex
./src/songs/StareDobreMalzenstwo/ZNimBedzieszSzczesliwsza.tex
./src/songs/StareDobreMalzenstwo/Zobaczysz.tex
./src/songs/StrachyNaLachy/ChoryNaWszystko.tex
./src/songs/StrachyNaLachy/CzarnyChlebiCzarnaKa.tex
./src/songs/StrachyNaLachy/DzienDobryKochamCie.tex
./src/songs/StrachyNaLachy/NaPogrzebKrola.tex
./src/songs/StrachyNaLachy/Ostatki-NieWidziszStawki.tex
./src/songs/StrachyNaLachy/PilaTango.tex
./src/songs/StrachyNaLachy/Raissa.tex
./src/songs/StrachyNaLachy/ZebyZTobaByc.tex
./src/songs/StrachyNaLachy/ZyjeWKraju.tex
./src/songs/TheAnimals/HouseOfTheRisingSun.tex
./src/songs/TheRasmus/OctoberAndApril.tex
./src/songs/TheWarpZone/OneRing.tex
./src/songs/Wilki/Baska.tex
./src/songs/ZabiliMiZolwia/Wiosna.tex
./src/songs/Religijne/AbbaOjcze.tex
./src/songs/Religijne/AveMaria.tex
./src/songs/Religijne/Barka.tex
./src/songs/Religijne/BogJestMiloscia.tex
./src/songs/Religijne/ChwalaCzesc.tex
./src/songs/Religijne/chwale-ciebie-panie.tex
./src/songs/Religijne/DotknijPanie.tex
./src/songs/Religijne/DuchuMilosci.tex
./src/songs/Religijne/Fundament.tex
./src/songs/Religijne/GdyKleczePrzedToba.tex
./src/songs/Religijne/GdyUczniowPosylalPan.tex
./src/songs/Religijne/Golgoto.tex
./src/songs/Religijne/GotujmyDrogePanu.tex
./src/songs/Religijne/GwiazdoZaranna.tex
./src/songs/Religijne/JakCiDziekowac.tex
./src/songs/Religijne/JedenJestTylkoPan.tex
./src/songs/Religijne/Jerycho.tex
./src/songs/Religijne/JeszczeDoCiebiePowroce.tex
./src/songs/Religijne/JezusDajeNamZbawienie.tex
./src/songs/Religijne/Jezus-NAjwyzszeImie.tex
./src/songs/Religijne/LudTwojPanieLudPielgrzymi.tex
./src/songs/Religijne/magnificat.tex
./src/songs/Religijne/MalenkaMilosc.tex
./src/songs/Religijne/MatkoKtoraNasZnasz.tex
./src/songs/Religijne/MemuBogu.tex
./src/songs/Religijne/MiloscTwa.tex
./src/songs/Religijne/Misericordias.tex
./src/songs/Religijne/NiechajZstapiDuchTwoj.tex
./src/songs/Religijne/NieMamNic.tex
./src/songs/Religijne/Niepokalana.tex
./src/songs/Religijne/Ogrody.tex
./src/songs/Religijne/OkazMiBoze.tex
./src/songs/Religijne/PanBliskoJest.tex
./src/songs/Religijne/Panie,DodajMiSkrzydel.tex
./src/songs/Religijne/PanieDoKogozPojdziemyDzis.tex
./src/songs/Religijne/PanieMojPrzychodzeDzis.tex
./src/songs/Religijne/PanieProszePrzyjdz.tex
./src/songs/Religijne/PanieProszeSpraw.tex
./src/songs/Religijne/PanieTwojTron.tex
./src/songs/Religijne/PanJestPasterzemMoim.tex
./src/songs/Religijne/PanWywyzszony.tex
./src/songs/Religijne/PodarujMiPanie.tex
./src/songs/Religijne/PojdeDoNiebaPiechota.tex
./src/songs/Religijne/PoslijMnie.tex
./src/songs/Religijne/PowiedzLudziomZeKochamIch.tex
./src/songs/Religijne/PozwolMiPrzyjscDoCiebie.tex
./src/songs/Religijne/SantoSubito.tex
./src/songs/Religijne/SerceWielkieNamDaj.tex
./src/songs/Religijne/SluchajIzraelu.tex
./src/songs/Religijne/SpocznijNaNasDuchuPana.tex
./src/songs/Religijne/Sutanna.tex
./src/songs/Religijne/Swiety.tex
./src/songs/Religijne/Szachownica.tex
./src/songs/Religijne/TakMnieSkrusz.tex
./src/songs/Religijne/TobieChorAniolow.tex
./src/songs/Religijne/TyPanie.tex
./src/songs/Religijne/UbiCaritas.tex
./src/songs/Religijne/Uciekali.tex
./src/songs/Religijne/UwielbiajDuszoMojaPana.tex
./src/songs/Religijne/WierzeWCiebiePAnie.tex
./src/songs/Religijne/WKragPrzezCalySwiat.tex
./src/songs/Religijne/WKruszynieChleba.tex
./src/songs/Religijne/WLekkimPowiewie.tex
./src/songs/Religijne/WspanialyDawcoMilosci.tex
./src/songs/Religijne/WszystkieNarody.tex
./src/songs/Religijne/WWielkimPokojuINadziei.tex
./src/songs/Religijne/ZabierzeszMnie.tex
./src/songs/Religijne/ZmartwychwstalPan.tex
./src/songs/Religijne/ZRozancemWReku.tex
./src/songs/Koledy/BogsieRodzi.tex
./src/songs/Koledy/CichaNoc.tex
./src/songs/Koledy/DzisiajWBetlejem.tex
./src/songs/Koledy/GdySieChrystusRodzi.tex
./src/songs/Koledy/JezusMalusienki.tex
./src/songs/Koledy/LulajzeJezuniu.tex
./src/songs/Koledy/PojdzmyWszyscyDoStajenki.tex
./src/songs/Koledy/PrzybiezelidoBetlejempasterze.tex
./src/songs/Koledy/WsrodNocnejCiszy.tex
./src/songs/Dzieciece/BialyWalczyk.tex
./src/songs/Dzieciece/PieskiMaleDwa.tex
./src/songs/Dzieciece/SzczotkaPasta.tex
./src/songs/Inne/MorskieOpowiesci.tex
